{"context":"NestFactory","level":"info","message":"Starting Nest application..."}
{"context":"InstanceLoader","level":"info","message":"AppModule dependencies initialized"}
{"context":"InstanceLoader","level":"info","message":"TypeOrmModule dependencies initialized"}
{"context":"InstanceLoader","level":"info","message":"MailerModule dependencies initialized"}
{"context":"InstanceLoader","level":"info","message":"PassportModule dependencies initialized"}
{"context":"InstanceLoader","level":"info","message":"MailerCoreModule dependencies initialized"}
{"context":"InstanceLoader","level":"info","message":"ConfigHostModule dependencies initialized"}
{"context":"InstanceLoader","level":"info","message":"EmailModule dependencies initialized"}
{"context":"InstanceLoader","level":"info","message":"ConfigModule dependencies initialized"}
{"context":"InstanceLoader","level":"info","message":"ImageModule dependencies initialized"}
{"context":"InstanceLoader","level":"info","message":"JwtModule dependencies initialized"}
{"context":"InstanceLoader","level":"info","message":"TypeOrmCoreModule dependencies initialized"}
{"context":"InstanceLoader","level":"info","message":"TypeOrmModule dependencies initialized"}
{"context":"InstanceLoader","level":"info","message":"TypeOrmModule dependencies initialized"}
{"context":"InstanceLoader","level":"info","message":"TypeOrmModule dependencies initialized"}
{"context":"InstanceLoader","level":"info","message":"TypeOrmModule dependencies initialized"}
{"context":"InstanceLoader","level":"info","message":"TypeOrmModule dependencies initialized"}
{"context":"InstanceLoader","level":"info","message":"VerificationModule dependencies initialized"}
{"context":"InstanceLoader","level":"info","message":"AuthModule dependencies initialized"}
{"context":"InstanceLoader","level":"info","message":"QnaModule dependencies initialized"}
{"context":"InstanceLoader","level":"info","message":"QuestionModule dependencies initialized"}
{"context":"InstanceLoader","level":"info","message":"MultipleChoiceModule dependencies initialized"}
{"context":"InstanceLoader","level":"info","message":"ExamModule dependencies initialized"}
{"context":"InstanceLoader","level":"info","message":"UserModule dependencies initialized"}
{"context":"InstanceLoader","level":"info","message":"CrawlingModule dependencies initialized"}
{"context":"RoutesResolver","level":"info","message":"AuthController {/api/auth}:"}
{"context":"RouterExplorer","level":"info","message":"Mapped {/api/auth/signup, POST} route"}
{"context":"RouterExplorer","level":"info","message":"Mapped {/api/auth/login, POST} route"}
{"context":"RoutesResolver","level":"info","message":"UserController {/api/user}:"}
{"context":"RouterExplorer","level":"info","message":"Mapped {/api/user/me, GET} route"}
{"context":"RouterExplorer","level":"info","message":"Mapped {/api/user/me, PUT} route"}
{"context":"RouterExplorer","level":"info","message":"Mapped {/api/user/me, DELETE} route"}
{"context":"RoutesResolver","level":"info","message":"ImageController {/api/image}:"}
{"context":"RouterExplorer","level":"info","message":"Mapped {/api/image, POST} route"}
{"context":"RoutesResolver","level":"info","message":"QnaController {/api/qna}:"}
{"context":"RouterExplorer","level":"info","message":"Mapped {/api/qna/question, POST} route"}
{"context":"RoutesResolver","level":"info","message":"ExamController {/api/exam}:"}
{"context":"RouterExplorer","level":"info","message":"Mapped {/api/exam, POST} route"}
{"context":"RouterExplorer","level":"info","message":"Mapped {/api/exam/me/search, GET} route"}
{"context":"RouterExplorer","level":"info","message":"Mapped {/api/exam/search, GET} route"}
{"context":"RouterExplorer","level":"info","message":"Mapped {/api/exam/:id/questions, GET} route"}
{"context":"RouterExplorer","level":"info","message":"Mapped {/api/exam/:id/multiple-choices, GET} route"}
{"context":"RouterExplorer","level":"info","message":"Mapped {/api/exam/:id, GET} route"}
{"context":"RouterExplorer","level":"info","message":"Mapped {/api/exam, PUT} route"}
{"context":"RouterExplorer","level":"info","message":"Mapped {/api/exam/:id/last-page, DELETE} route"}
{"context":"RouterExplorer","level":"info","message":"Mapped {/api/exam/:id, DELETE} route"}
{"context":"RoutesResolver","level":"info","message":"QuestionController {/api/question}:"}
{"context":"RouterExplorer","level":"info","message":"Mapped {/api/question, POST} route"}
{"context":"RoutesResolver","level":"info","message":"MultipleChoiceController {/api}:"}
{"context":"RouterExplorer","level":"info","message":"Mapped {/api/multiple-choice, POST} route"}
{"context":"RouterExplorer","level":"info","message":"Mapped {/api/multiple-choices, DELETE} route"}
{"context":"RoutesResolver","level":"info","message":"CrawlingController {/api/crawling}:"}
{"context":"RouterExplorer","level":"info","message":"Mapped {/api/crawling, POST} route"}
{"context":"RoutesResolver","level":"info","message":"VerificationController {/api/verification}:"}
{"context":"RouterExplorer","level":"info","message":"Mapped {/api/verification/email, PUT} route"}
{"context":"NestApplication","level":"info","message":"Nest application successfully started"}
{"context":"NestFactory","level":"info","message":"Starting Nest application..."}
{"context":"InstanceLoader","level":"info","message":"AppModule dependencies initialized"}
{"context":"InstanceLoader","level":"info","message":"TypeOrmModule dependencies initialized"}
{"context":"InstanceLoader","level":"info","message":"MailerModule dependencies initialized"}
{"context":"InstanceLoader","level":"info","message":"PassportModule dependencies initialized"}
{"context":"InstanceLoader","level":"info","message":"MailerCoreModule dependencies initialized"}
{"context":"InstanceLoader","level":"info","message":"ConfigHostModule dependencies initialized"}
{"context":"InstanceLoader","level":"info","message":"EmailModule dependencies initialized"}
{"context":"InstanceLoader","level":"info","message":"ConfigModule dependencies initialized"}
{"context":"InstanceLoader","level":"info","message":"ImageModule dependencies initialized"}
{"context":"InstanceLoader","level":"info","message":"JwtModule dependencies initialized"}
{"context":"InstanceLoader","level":"info","message":"TypeOrmCoreModule dependencies initialized"}
{"context":"InstanceLoader","level":"info","message":"TypeOrmModule dependencies initialized"}
{"context":"InstanceLoader","level":"info","message":"TypeOrmModule dependencies initialized"}
{"context":"InstanceLoader","level":"info","message":"TypeOrmModule dependencies initialized"}
{"context":"InstanceLoader","level":"info","message":"TypeOrmModule dependencies initialized"}
{"context":"InstanceLoader","level":"info","message":"TypeOrmModule dependencies initialized"}
{"context":"InstanceLoader","level":"info","message":"VerificationModule dependencies initialized"}
{"context":"InstanceLoader","level":"info","message":"AuthModule dependencies initialized"}
{"context":"InstanceLoader","level":"info","message":"QnaModule dependencies initialized"}
{"context":"InstanceLoader","level":"info","message":"QuestionModule dependencies initialized"}
{"context":"InstanceLoader","level":"info","message":"MultipleChoiceModule dependencies initialized"}
{"context":"InstanceLoader","level":"info","message":"ExamModule dependencies initialized"}
{"context":"InstanceLoader","level":"info","message":"UserModule dependencies initialized"}
{"context":"InstanceLoader","level":"info","message":"CrawlingModule dependencies initialized"}
{"context":"RoutesResolver","level":"info","message":"AuthController {/api/auth}:"}
{"context":"RouterExplorer","level":"info","message":"Mapped {/api/auth/signup, POST} route"}
{"context":"RouterExplorer","level":"info","message":"Mapped {/api/auth/login, POST} route"}
{"context":"RoutesResolver","level":"info","message":"UserController {/api/user}:"}
{"context":"RouterExplorer","level":"info","message":"Mapped {/api/user/me, GET} route"}
{"context":"RouterExplorer","level":"info","message":"Mapped {/api/user/me, PUT} route"}
{"context":"RouterExplorer","level":"info","message":"Mapped {/api/user/me, DELETE} route"}
{"context":"RoutesResolver","level":"info","message":"ImageController {/api/image}:"}
{"context":"RouterExplorer","level":"info","message":"Mapped {/api/image, POST} route"}
{"context":"RoutesResolver","level":"info","message":"QnaController {/api/qna}:"}
{"context":"RouterExplorer","level":"info","message":"Mapped {/api/qna/question, POST} route"}
{"context":"RoutesResolver","level":"info","message":"ExamController {/api/exam}:"}
{"context":"RouterExplorer","level":"info","message":"Mapped {/api/exam, POST} route"}
{"context":"RouterExplorer","level":"info","message":"Mapped {/api/exam/me/search, GET} route"}
{"context":"RouterExplorer","level":"info","message":"Mapped {/api/exam/search, GET} route"}
{"context":"RouterExplorer","level":"info","message":"Mapped {/api/exam/:id/questions, GET} route"}
{"context":"RouterExplorer","level":"info","message":"Mapped {/api/exam/:id/multiple-choices, GET} route"}
{"context":"RouterExplorer","level":"info","message":"Mapped {/api/exam/:id, GET} route"}
{"context":"RouterExplorer","level":"info","message":"Mapped {/api/exam, PUT} route"}
{"context":"RouterExplorer","level":"info","message":"Mapped {/api/exam/:id/last-page, DELETE} route"}
{"context":"RouterExplorer","level":"info","message":"Mapped {/api/exam/:id, DELETE} route"}
{"context":"RoutesResolver","level":"info","message":"QuestionController {/api/question}:"}
{"context":"RouterExplorer","level":"info","message":"Mapped {/api/question, POST} route"}
{"context":"RoutesResolver","level":"info","message":"MultipleChoiceController {/api}:"}
{"context":"RouterExplorer","level":"info","message":"Mapped {/api/multiple-choice, POST} route"}
{"context":"RouterExplorer","level":"info","message":"Mapped {/api/multiple-choices, DELETE} route"}
{"context":"RoutesResolver","level":"info","message":"CrawlingController {/api/crawling}:"}
{"context":"RouterExplorer","level":"info","message":"Mapped {/api/crawling, POST} route"}
{"context":"RoutesResolver","level":"info","message":"VerificationController {/api/verification}:"}
{"context":"RouterExplorer","level":"info","message":"Mapped {/api/verification/email, PUT} route"}
{"context":"NestApplication","level":"info","message":"Nest application successfully started"}
{"context":"HTTP","level":"info","message":"GET /api/user/me 304 undefined - Mozilla/5.0 (Macintosh; Intel Mac OS X 10_15_7) AppleWebKit/537.36 (KHTML, like Gecko) Chrome/107.0.0.0 Safari/537.36"}
{"context":"HTTP","level":"info","message":"GET /api/user/me 304 undefined - Mozilla/5.0 (Macintosh; Intel Mac OS X 10_15_7) AppleWebKit/537.36 (KHTML, like Gecko) Chrome/107.0.0.0 Safari/537.36"}
{"context":"HTTP","level":"info","message":"GET /api/exam/me/search?page-size=15&page=1 304 undefined - Mozilla/5.0 (Macintosh; Intel Mac OS X 10_15_7) AppleWebKit/537.36 (KHTML, like Gecko) Chrome/107.0.0.0 Safari/537.36"}
{"context":"HTTP","level":"info","message":"GET /api/user/me 304 undefined - Mozilla/5.0 (Macintosh; Intel Mac OS X 10_15_7) AppleWebKit/537.36 (KHTML, like Gecko) Chrome/107.0.0.0 Safari/537.36"}
{"context":"HTTP","level":"info","message":"GET /api/exam/me/search?page-size=15&page=1 304 undefined - Mozilla/5.0 (Macintosh; Intel Mac OS X 10_15_7) AppleWebKit/537.36 (KHTML, like Gecko) Chrome/107.0.0.0 Safari/537.36"}
{"context":"HTTP","level":"info","message":"GET /api/user/me 304 undefined - Mozilla/5.0 (Macintosh; Intel Mac OS X 10_15_7) AppleWebKit/537.36 (KHTML, like Gecko) Chrome/107.0.0.0 Safari/537.36"}
{"context":"HTTP","level":"info","message":"GET /api/exam/me/search?page-size=15&page=1 304 undefined - Mozilla/5.0 (Macintosh; Intel Mac OS X 10_15_7) AppleWebKit/537.36 (KHTML, like Gecko) Chrome/107.0.0.0 Safari/537.36"}
{"context":"HTTP","level":"info","message":"GET /api/exam/me/search?page-size=15&page=1 304 undefined - Mozilla/5.0 (Macintosh; Intel Mac OS X 10_15_7) AppleWebKit/537.36 (KHTML, like Gecko) Chrome/107.0.0.0 Safari/537.36"}
{"context":"HTTP","level":"info","message":"GET /api/user/me 304 undefined - Mozilla/5.0 (Macintosh; Intel Mac OS X 10_15_7) AppleWebKit/537.36 (KHTML, like Gecko) Chrome/107.0.0.0 Safari/537.36"}
{"context":"HTTP","level":"info","message":"GET /api/user/me 304 undefined - Mozilla/5.0 (Macintosh; Intel Mac OS X 10_15_7) AppleWebKit/537.36 (KHTML, like Gecko) Chrome/107.0.0.0 Safari/537.36"}
{"context":"HTTP","level":"info","message":"GET /api/user/me 304 undefined - Mozilla/5.0 (Macintosh; Intel Mac OS X 10_15_7) AppleWebKit/537.36 (KHTML, like Gecko) Chrome/107.0.0.0 Safari/537.36"}
{"context":"HTTP","level":"info","message":"GET /api/user/me 304 undefined - Mozilla/5.0 (Macintosh; Intel Mac OS X 10_15_7) AppleWebKit/537.36 (KHTML, like Gecko) Chrome/107.0.0.0 Safari/537.36"}
{"context":"HTTP","level":"info","message":"GET /api/user/me 304 undefined - Mozilla/5.0 (Macintosh; Intel Mac OS X 10_15_7) AppleWebKit/537.36 (KHTML, like Gecko) Chrome/107.0.0.0 Safari/537.36"}
{"context":"HTTP","level":"info","message":"GET /api/user/me 304 undefined - Mozilla/5.0 (Macintosh; Intel Mac OS X 10_15_7) AppleWebKit/537.36 (KHTML, like Gecko) Chrome/107.0.0.0 Safari/537.36"}
